<?xml version="1.0" encoding="utf-8"?><testsuites name="pytest tests"><testsuite name="pytest" errors="0" failures="0" skipped="0" tests="38" time="20.335" timestamp="2026-09-18T23:50:39.778557+05:30" hostname="NotAPotato"><testcase classname="tests.test_analysis" name="test_psd_matches_canonical_welch_and_units" time="0.005" /><testcase classname="tests.test_analysis" name="test_noise_units_reproducibility_and_slope[0]" time="0.008" /><testcase classname="tests.test_analysis" name="test_noise_units_reproducibility_and_slope[1]" time="0.003" /><testcase classname="tests.test_analysis" name="test_noise_units_reproducibility_and_slope[3]" time="0.003" /><testcase classname="tests.test_analysis" name="test_bistable_matches_existing_equation_and_repeat" time="0.036" /><testcase classname="tests.test_analysis" name="test_fhn_legacy_parity_and_correct_noise_increment" time="0.022" /><testcase classname="tests.test_analysis" name="test_characteristic_frequency_is_unlabelled_and_mapping_in_volts" time="0.010" /><testcase classname="tests.test_analysis" name="test_events_keep_counts_and_regularity_edge_cases" time="0.001" /><testcase classname="tests.test_analysis" name="test_fhn_peak_detector_preserves_notebook_definition" time="0.021" /><testcase classname="tests.test_analysis" name="test_compression_identity_and_metadata[legacy_stride]" time="0.001" /><testcase classname="tests.test_analysis" name="test_compression_identity_and_metadata[antialiased]" time="0.002" /><testcase classname="tests.test_analysis" name="test_invalid_trials_not_discarded_and_peak_uses_raw_data" time="0.019" /><testcase classname="tests.test_analysis" name="test_analysis_outputs_never_reuse_run_directory" time="0.129" /><testcase classname="tests.test_analysis" name="test_robustness_transform_repeats_without_mutating_inputs" time="0.020" /><testcase classname="tests.test_analysis" name="test_robustness_refuses_training_patient_and_wrong_dataset" time="0.002" /><testcase classname="tests.test_analysis" name="test_all_invalid_trials_remain_missing_in_report" time="0.005" /><testcase classname="tests.test_analysis" name="test_zero_noise_time_step_refinement[bistable]" time="0.017" /><testcase classname="tests.test_analysis" name="test_zero_noise_time_step_refinement[fhn]" time="0.028" /><testcase classname="tests.test_analysis" name="test_stride_aliasing_and_antialias_control" time="0.002" /><testcase classname="tests.test_corrected_pipeline" name="test_small_magnitude_training_only_scaling" time="0.011" /><testcase classname="tests.test_corrected_pipeline" name="test_imputation_and_schema" time="0.002" /><testcase classname="tests.test_corrected_pipeline" name="test_complete_final_window_and_overlap" time="0.002" /><testcase classname="tests.test_corrected_pipeline" name="test_annotations_fail_closed" time="0.008" /><testcase classname="tests.test_corrected_pipeline" name="test_checkpoint_rejects_partial_or_changed_identity" time="0.059" /><testcase classname="tests.test_corrected_pipeline" name="test_inner_weights_and_outer_separation" time="0.418" /><testcase classname="tests.test_corrected_pipeline" name="test_teacher_selection_paired_student_and_bundle" time="4.408" /><testcase classname="tests.test_corrected_pipeline" name="test_events_do_not_join_recordings" time="0.002" /><testcase classname="tests.test_corrected_pipeline" name="test_checkpoint_rejects_bad_artifacts[missing_marker]" time="0.005" /><testcase classname="tests.test_corrected_pipeline" name="test_checkpoint_rejects_bad_artifacts[checksum]" time="0.017" /><testcase classname="tests.test_corrected_pipeline" name="test_checkpoint_rejects_bad_artifacts[channels]" time="0.029" /><testcase classname="tests.test_corrected_pipeline" name="test_checkpoint_rejects_bad_artifacts[feature_count]" time="0.026" /><testcase classname="tests.test_corrected_pipeline" name="test_checkpoint_rejects_bad_artifacts[duplicate_feature]" time="0.022" /><testcase classname="tests.test_corrected_pipeline" name="test_checkpoint_rejects_bad_artifacts[label]" time="0.028" /><testcase classname="tests.test_corrected_pipeline" name="test_legacy_migration_and_checkpoint_resume[False]" time="0.482" /><testcase classname="tests.test_corrected_pipeline" name="test_legacy_migration_and_checkpoint_resume[True]" time="0.262" /><testcase classname="tests.test_corrected_pipeline" name="test_saved_architecture_independent_of_current_config" time="0.006" /><testcase classname="tests.test_corrected_pipeline" name="test_classical_factories_and_saved_schema[logistic_regression]" time="0.022" /><testcase classname="tests.test_corrected_pipeline" name="test_classical_factories_and_saved_schema[random_forest]" time="0.053" /></testsuite></testsuites>