<?xml version="1.0" encoding="utf-8"?><testsuites name="pytest tests"><testsuite name="pytest" errors="0" failures="0" skipped="0" tests="57" time="28.511" timestamp="2026-09-20T20:32:20.644377+05:30" hostname="NotAPotato"><testcase classname="tests.test_analysis" name="test_psd_matches_canonical_welch_and_units" time="0.005" /><testcase classname="tests.test_analysis" name="test_noise_units_reproducibility_and_slope[0]" time="0.021" /><testcase classname="tests.test_analysis" name="test_noise_units_reproducibility_and_slope[1]" time="0.009" /><testcase classname="tests.test_analysis" name="test_noise_units_reproducibility_and_slope[3]" time="0.007" /><testcase classname="tests.test_analysis" name="test_bistable_matches_existing_equation_and_repeat" time="0.064" /><testcase classname="tests.test_analysis" name="test_fhn_legacy_parity_and_correct_noise_increment" time="0.040" /><testcase classname="tests.test_analysis" name="test_characteristic_frequency_is_unlabelled_and_mapping_in_volts" time="0.015" /><testcase classname="tests.test_analysis" name="test_events_keep_counts_and_regularity_edge_cases" time="0.001" /><testcase classname="tests.test_analysis" name="test_fhn_peak_detector_preserves_notebook_definition" time="0.041" /><testcase classname="tests.test_analysis" name="test_compression_identity_and_metadata[legacy_stride]" time="0.003" /><testcase classname="tests.test_analysis" name="test_compression_identity_and_metadata[antialiased]" time="0.005" /><testcase classname="tests.test_analysis" name="test_invalid_trials_not_discarded_and_peak_uses_raw_data" time="0.024" /><testcase classname="tests.test_analysis" name="test_analysis_outputs_never_reuse_run_directory" time="0.093" /><testcase classname="tests.test_analysis" name="test_robustness_transform_repeats_without_mutating_inputs" time="0.059" /><testcase classname="tests.test_analysis" name="test_robustness_refuses_training_patient_and_wrong_dataset" time="0.004" /><testcase classname="tests.test_analysis" name="test_all_invalid_trials_remain_missing_in_report" time="0.013" /><testcase classname="tests.test_analysis" name="test_zero_noise_time_step_refinement[bistable]" time="0.052" /><testcase classname="tests.test_analysis" name="test_zero_noise_time_step_refinement[fhn]" time="0.083" /><testcase classname="tests.test_analysis" name="test_stride_aliasing_and_antialias_control" time="0.004" /><testcase classname="tests.test_corrected_pipeline" name="test_small_magnitude_training_only_scaling" time="0.030" /><testcase classname="tests.test_corrected_pipeline" name="test_imputation_and_schema" time="0.007" /><testcase classname="tests.test_corrected_pipeline" name="test_complete_final_window_and_overlap" time="0.005" /><testcase classname="tests.test_corrected_pipeline" name="test_annotations_fail_closed" time="0.010" /><testcase classname="tests.test_corrected_pipeline" name="test_checkpoint_rejects_partial_or_changed_identity" time="0.113" /><testcase classname="tests.test_corrected_pipeline" name="test_inner_weights_and_outer_separation" time="0.957" /><testcase classname="tests.test_corrected_pipeline" name="test_teacher_selection_paired_student_and_bundle" time="3.610" /><testcase classname="tests.test_corrected_pipeline" name="test_events_do_not_join_recordings" time="0.007" /><testcase classname="tests.test_corrected_pipeline" name="test_checkpoint_rejects_bad_artifacts[missing_marker]" time="0.009" /><testcase classname="tests.test_corrected_pipeline" name="test_checkpoint_rejects_bad_artifacts[checksum]" time="0.024" /><testcase classname="tests.test_corrected_pipeline" name="test_checkpoint_rejects_bad_artifacts[channels]" time="0.037" /><testcase classname="tests.test_corrected_pipeline" name="test_checkpoint_rejects_bad_artifacts[feature_count]" time="0.039" /><testcase classname="tests.test_corrected_pipeline" name="test_checkpoint_rejects_bad_artifacts[duplicate_feature]" time="0.038" /><testcase classname="tests.test_corrected_pipeline" name="test_checkpoint_rejects_bad_artifacts[label]" time="0.047" /><testcase classname="tests.test_corrected_pipeline" name="test_legacy_migration_and_checkpoint_resume[False]" time="0.957" /><testcase classname="tests.test_corrected_pipeline" name="test_legacy_migration_and_checkpoint_resume[True]" time="0.722" /><testcase classname="tests.test_corrected_pipeline" name="test_saved_architecture_independent_of_current_config" time="0.017" /><testcase classname="tests.test_corrected_pipeline" name="test_classical_factories_and_saved_schema[logistic_regression]" time="0.034" /><testcase classname="tests.test_corrected_pipeline" name="test_classical_factories_and_saved_schema[random_forest]" time="0.093" /><testcase classname="tests.test_kd_contribution" name="test_random_selection_training_only_seed_and_schema" time="0.037" /><testcase classname="tests.test_kd_contribution" name="test_paired_initialization_loader_and_determinism" time="0.048" /><testcase classname="tests.test_kd_contribution" name="test_identical_selected_schema_and_student_capacity" time="0.003" /><testcase classname="tests.test_kd_contribution" name="test_metrics_paired_effects_and_pooling_are_distinct" time="0.327" /><testcase classname="tests.test_kd_contribution" name="test_manifest_rejects_incomplete_or_changed_artifacts" time="0.020" /><testcase classname="tests.test_kd_contribution" name="test_seed_repetitions_do_not_inflate_patient_count" time="0.016" /><testcase classname="tests.test_psd_ablation" name="test_canonical_parity_and_gain_invariance" time="0.010" /><testcase classname="tests.test_psd_ablation" name="test_actual_notebook_equation_parity_and_zero_power" time="0.047" /><testcase classname="tests.test_psd_ablation" name="test_schema_replaces_exactly_110_and_preserves_220" time="0.102" /><testcase classname="tests.test_psd_ablation" name="test_inner_patient_exclusion_and_training_only_scaling" time="0.537" /><testcase classname="tests.test_srcr_features" name="test_context_mapping_and_boundaries" time="0.001" /><testcase classname="tests.test_srcr_features" name="test_acceleration_preserves_existing_equations[0.0]" time="0.568" /><testcase classname="tests.test_srcr_features" name="test_acceleration_preserves_existing_equations[0.5]" time="0.070" /><testcase classname="tests.test_srcr_features" name="test_acceleration_preserves_existing_equations[2.0]" time="0.068" /><testcase classname="tests.test_srcr_features" name="test_deterministic_feature_and_detector_parity" time="0.104" /><testcase classname="tests.test_srcr_features" name="test_no_labels_or_other_patients_enter_feature_calculation" time="0.017" /><testcase classname="tests.test_srcr_features" name="test_future_dependency_is_explicit_and_insufficiency_is_not_filled" time="0.024" /><testcase classname="tests.test_window_feasibility" name="test_duration_boundaries_annotations_and_canonical_parity" time="0.015" /><testcase classname="tests.test_window_feasibility" name="test_psd_validity_and_scalar_parity" time="0.007" /></testsuite></testsuites>