<?xml version="1.0" encoding="utf-8"?><testsuites name="pytest tests"><testsuite name="pytest" errors="0" failures="0" skipped="0" tests="19" time="8.374" timestamp="2026-09-11T18:48:37.134940+05:30" hostname="NotAPotato"><testcase classname="tests.test_corrected_pipeline" name="test_small_magnitude_training_only_scaling" time="0.010" /><testcase classname="tests.test_corrected_pipeline" name="test_imputation_and_schema" time="0.003" /><testcase classname="tests.test_corrected_pipeline" name="test_complete_final_window_and_overlap" time="0.002" /><testcase classname="tests.test_corrected_pipeline" name="test_annotations_fail_closed" time="0.006" /><testcase classname="tests.test_corrected_pipeline" name="test_checkpoint_rejects_partial_or_changed_identity" time="0.032" /><testcase classname="tests.test_corrected_pipeline" name="test_inner_weights_and_outer_separation" time="0.282" /><testcase classname="tests.test_corrected_pipeline" name="test_teacher_selection_paired_student_and_bundle" time="1.970" /><testcase classname="tests.test_corrected_pipeline" name="test_events_do_not_join_recordings" time="0.002" /><testcase classname="tests.test_corrected_pipeline" name="test_checkpoint_rejects_bad_artifacts[missing_marker]" time="0.004" /><testcase classname="tests.test_corrected_pipeline" name="test_checkpoint_rejects_bad_artifacts[checksum]" time="0.011" /><testcase classname="tests.test_corrected_pipeline" name="test_checkpoint_rejects_bad_artifacts[channels]" time="0.022" /><testcase classname="tests.test_corrected_pipeline" name="test_checkpoint_rejects_bad_artifacts[feature_count]" time="0.016" /><testcase classname="tests.test_corrected_pipeline" name="test_checkpoint_rejects_bad_artifacts[duplicate_feature]" time="0.015" /><testcase classname="tests.test_corrected_pipeline" name="test_checkpoint_rejects_bad_artifacts[label]" time="0.019" /><testcase classname="tests.test_corrected_pipeline" name="test_legacy_migration_and_checkpoint_resume[False]" time="0.650" /><testcase classname="tests.test_corrected_pipeline" name="test_legacy_migration_and_checkpoint_resume[True]" time="0.232" /><testcase classname="tests.test_corrected_pipeline" name="test_saved_architecture_independent_of_current_config" time="0.005" /><testcase classname="tests.test_corrected_pipeline" name="test_classical_factories_and_saved_schema[logistic_regression]" time="0.008" /><testcase classname="tests.test_corrected_pipeline" name="test_classical_factories_and_saved_schema[random_forest]" time="0.047" /></testsuite></testsuites>